Started GET "/" for ::1 at 2020-04-09 20:23:26 -0400
  [1m[35m (1.9ms)[0m  [1m[34mSELECT sqlite_version(*)[0m
Processing by Rails::WelcomeController#index as HTML
  Rendering /Users/ryan/.rvm/gems/ruby-2.6.1/gems/railties-6.0.2.2/lib/rails/templates/rails/welcome/index.html.erb
  Rendered /Users/ryan/.rvm/gems/ruby-2.6.1/gems/railties-6.0.2.2/lib/rails/templates/rails/welcome/index.html.erb (Duration: 6.8ms | Allocations: 480)
Completed 200 OK in 40ms (Views: 36.9ms | ActiveRecord: 0.0ms | Allocations: 2634)


Started GET "/languages" for ::1 at 2020-04-09 20:23:40 -0400
  
ActionController::RoutingError (No route matches [GET] "/languages"):
  
actionpack (6.0.2.2) lib/action_dispatch/middleware/debug_exceptions.rb:36:in `call'
actionpack (6.0.2.2) lib/action_dispatch/middleware/show_exceptions.rb:33:in `call'
railties (6.0.2.2) lib/rails/rack/logger.rb:38:in `call_app'
railties (6.0.2.2) lib/rails/rack/logger.rb:26:in `block in call'
activesupport (6.0.2.2) lib/active_support/tagged_logging.rb:80:in `block in tagged'
activesupport (6.0.2.2) lib/active_support/tagged_logging.rb:28:in `tagged'
activesupport (6.0.2.2) lib/active_support/tagged_logging.rb:80:in `tagged'
railties (6.0.2.2) lib/rails/rack/logger.rb:26:in `call'
actionpack (6.0.2.2) lib/action_dispatch/middleware/remote_ip.rb:81:in `call'
actionpack (6.0.2.2) lib/action_dispatch/middleware/request_id.rb:27:in `call'
rack (2.2.2) lib/rack/runtime.rb:22:in `call'
activesupport (6.0.2.2) lib/active_support/cache/strategy/local_cache_middleware.rb:29:in `call'
actionpack (6.0.2.2) lib/action_dispatch/middleware/executor.rb:14:in `call'
actionpack (6.0.2.2) lib/action_dispatch/middleware/static.rb:126:in `call'
rack (2.2.2) lib/rack/sendfile.rb:110:in `call'
actionpack (6.0.2.2) lib/action_dispatch/middleware/host_authorization.rb:83:in `call'
rack-cors (1.1.1) lib/rack/cors.rb:100:in `call'
railties (6.0.2.2) lib/rails/engine.rb:526:in `call'
puma (4.3.3) lib/puma/configuration.rb:228:in `call'
puma (4.3.3) lib/puma/server.rb:682:in `handle_request'
puma (4.3.3) lib/puma/server.rb:472:in `process_client'
puma (4.3.3) lib/puma/server.rb:328:in `block in run'
puma (4.3.3) lib/puma/thread_pool.rb:134:in `block in spawn_thread'
Started GET "/language" for ::1 at 2020-04-09 20:24:45 -0400
  
ActionController::RoutingError (No route matches [GET] "/language"):
  
actionpack (6.0.2.2) lib/action_dispatch/middleware/debug_exceptions.rb:36:in `call'
actionpack (6.0.2.2) lib/action_dispatch/middleware/show_exceptions.rb:33:in `call'
railties (6.0.2.2) lib/rails/rack/logger.rb:38:in `call_app'
railties (6.0.2.2) lib/rails/rack/logger.rb:26:in `block in call'
activesupport (6.0.2.2) lib/active_support/tagged_logging.rb:80:in `block in tagged'
activesupport (6.0.2.2) lib/active_support/tagged_logging.rb:28:in `tagged'
activesupport (6.0.2.2) lib/active_support/tagged_logging.rb:80:in `tagged'
railties (6.0.2.2) lib/rails/rack/logger.rb:26:in `call'
actionpack (6.0.2.2) lib/action_dispatch/middleware/remote_ip.rb:81:in `call'
actionpack (6.0.2.2) lib/action_dispatch/middleware/request_id.rb:27:in `call'
rack (2.2.2) lib/rack/runtime.rb:22:in `call'
activesupport (6.0.2.2) lib/active_support/cache/strategy/local_cache_middleware.rb:29:in `call'
actionpack (6.0.2.2) lib/action_dispatch/middleware/executor.rb:14:in `call'
actionpack (6.0.2.2) lib/action_dispatch/middleware/static.rb:126:in `call'
rack (2.2.2) lib/rack/sendfile.rb:110:in `call'
actionpack (6.0.2.2) lib/action_dispatch/middleware/host_authorization.rb:83:in `call'
rack-cors (1.1.1) lib/rack/cors.rb:100:in `call'
railties (6.0.2.2) lib/rails/engine.rb:526:in `call'
puma (4.3.3) lib/puma/configuration.rb:228:in `call'
puma (4.3.3) lib/puma/server.rb:682:in `handle_request'
puma (4.3.3) lib/puma/server.rb:472:in `process_client'
puma (4.3.3) lib/puma/server.rb:328:in `block in run'
puma (4.3.3) lib/puma/thread_pool.rb:134:in `block in spawn_thread'
Started GET "/routes" for ::1 at 2020-04-09 20:24:52 -0400
  
ActionController::RoutingError (No route matches [GET] "/routes"):
  
actionpack (6.0.2.2) lib/action_dispatch/middleware/debug_exceptions.rb:36:in `call'
actionpack (6.0.2.2) lib/action_dispatch/middleware/show_exceptions.rb:33:in `call'
railties (6.0.2.2) lib/rails/rack/logger.rb:38:in `call_app'
railties (6.0.2.2) lib/rails/rack/logger.rb:26:in `block in call'
activesupport (6.0.2.2) lib/active_support/tagged_logging.rb:80:in `block in tagged'
activesupport (6.0.2.2) lib/active_support/tagged_logging.rb:28:in `tagged'
activesupport (6.0.2.2) lib/active_support/tagged_logging.rb:80:in `tagged'
railties (6.0.2.2) lib/rails/rack/logger.rb:26:in `call'
actionpack (6.0.2.2) lib/action_dispatch/middleware/remote_ip.rb:81:in `call'
actionpack (6.0.2.2) lib/action_dispatch/middleware/request_id.rb:27:in `call'
rack (2.2.2) lib/rack/runtime.rb:22:in `call'
activesupport (6.0.2.2) lib/active_support/cache/strategy/local_cache_middleware.rb:29:in `call'
actionpack (6.0.2.2) lib/action_dispatch/middleware/executor.rb:14:in `call'
actionpack (6.0.2.2) lib/action_dispatch/middleware/static.rb:126:in `call'
rack (2.2.2) lib/rack/sendfile.rb:110:in `call'
actionpack (6.0.2.2) lib/action_dispatch/middleware/host_authorization.rb:83:in `call'
rack-cors (1.1.1) lib/rack/cors.rb:100:in `call'
railties (6.0.2.2) lib/rails/engine.rb:526:in `call'
puma (4.3.3) lib/puma/configuration.rb:228:in `call'
puma (4.3.3) lib/puma/server.rb:682:in `handle_request'
puma (4.3.3) lib/puma/server.rb:472:in `process_client'
puma (4.3.3) lib/puma/server.rb:328:in `block in run'
puma (4.3.3) lib/puma/thread_pool.rb:134:in `block in spawn_thread'
Started GET "/rails/info/routes" for ::1 at 2020-04-09 20:25:04 -0400
Processing by Rails::InfoController#routes as HTML
  Rendering /Users/ryan/.rvm/gems/ruby-2.6.1/gems/railties-6.0.2.2/lib/rails/templates/rails/info/routes.html.erb within layouts/application
  Rendered collection of /Users/ryan/.rvm/gems/ruby-2.6.1/gems/actionpack-6.0.2.2/lib/action_dispatch/middleware/templates/routes/_route.html.erb [17 times] (Duration: 6.1ms | Allocations: 2553)
  Rendered /Users/ryan/.rvm/gems/ruby-2.6.1/gems/actionpack-6.0.2.2/lib/action_dispatch/middleware/templates/routes/_table.html.erb (Duration: 1.2ms | Allocations: 703)
  Rendered /Users/ryan/.rvm/gems/ruby-2.6.1/gems/railties-6.0.2.2/lib/rails/templates/rails/info/routes.html.erb within layouts/application (Duration: 60.2ms | Allocations: 4699)
Completed 200 OK in 66ms (Views: 63.8ms | ActiveRecord: 0.0ms | Allocations: 5883)


Started GET "/languages" for ::1 at 2020-04-09 20:37:42 -0400
  [1m[35m (2.9ms)[0m  [1m[34mSELECT sqlite_version(*)[0m
  
ActiveRecord::PendingMigrationError (

Migrations are pending. To resolve this issue, run:

        rails db:migrate RAILS_ENV=development

):
  
activerecord (6.0.2.2) lib/active_record/migration.rb:587:in `check_pending!'
activerecord (6.0.2.2) lib/active_record/migration.rb:564:in `call'
actionpack (6.0.2.2) lib/action_dispatch/middleware/callbacks.rb:27:in `block in call'
activesupport (6.0.2.2) lib/active_support/callbacks.rb:101:in `run_callbacks'
actionpack (6.0.2.2) lib/action_dispatch/middleware/callbacks.rb:26:in `call'
actionpack (6.0.2.2) lib/action_dispatch/middleware/executor.rb:14:in `call'
actionpack (6.0.2.2) lib/action_dispatch/middleware/actionable_exceptions.rb:17:in `call'
actionpack (6.0.2.2) lib/action_dispatch/middleware/debug_exceptions.rb:32:in `call'
actionpack (6.0.2.2) lib/action_dispatch/middleware/show_exceptions.rb:33:in `call'
railties (6.0.2.2) lib/rails/rack/logger.rb:38:in `call_app'
railties (6.0.2.2) lib/rails/rack/logger.rb:26:in `block in call'
activesupport (6.0.2.2) lib/active_support/tagged_logging.rb:80:in `block in tagged'
activesupport (6.0.2.2) lib/active_support/tagged_logging.rb:28:in `tagged'
activesupport (6.0.2.2) lib/active_support/tagged_logging.rb:80:in `tagged'
railties (6.0.2.2) lib/rails/rack/logger.rb:26:in `call'
actionpack (6.0.2.2) lib/action_dispatch/middleware/remote_ip.rb:81:in `call'
actionpack (6.0.2.2) lib/action_dispatch/middleware/request_id.rb:27:in `call'
rack (2.2.2) lib/rack/runtime.rb:22:in `call'
activesupport (6.0.2.2) lib/active_support/cache/strategy/local_cache_middleware.rb:29:in `call'
actionpack (6.0.2.2) lib/action_dispatch/middleware/executor.rb:14:in `call'
actionpack (6.0.2.2) lib/action_dispatch/middleware/static.rb:126:in `call'
rack (2.2.2) lib/rack/sendfile.rb:110:in `call'
actionpack (6.0.2.2) lib/action_dispatch/middleware/host_authorization.rb:83:in `call'
rack-cors (1.1.1) lib/rack/cors.rb:100:in `call'
railties (6.0.2.2) lib/rails/engine.rb:526:in `call'
puma (4.3.3) lib/puma/configuration.rb:228:in `call'
puma (4.3.3) lib/puma/server.rb:682:in `handle_request'
puma (4.3.3) lib/puma/server.rb:472:in `process_client'
puma (4.3.3) lib/puma/server.rb:328:in `block in run'
puma (4.3.3) lib/puma/thread_pool.rb:134:in `block in spawn_thread'
  [1m[35m (0.4ms)[0m  [1m[34mSELECT sqlite_version(*)[0m
  [1m[35m (1.8ms)[0m  [1m[35mCREATE TABLE "schema_migrations" ("version" varchar NOT NULL PRIMARY KEY)[0m
  [1m[35m (0.9ms)[0m  [1m[35mCREATE TABLE "ar_internal_metadata" ("key" varchar NOT NULL PRIMARY KEY, "value" varchar, "created_at" datetime(6) NOT NULL, "updated_at" datetime(6) NOT NULL)[0m
  [1m[35m (0.2ms)[0m  [1m[34mSELECT "schema_migrations"."version" FROM "schema_migrations" ORDER BY "schema_migrations"."version" ASC[0m
Migrating to CreateLanguages (20200410002916)
  [1m[35m (0.0ms)[0m  [1m[36mbegin transaction[0m
  [1m[35m (0.4ms)[0m  [1m[35mCREATE TABLE "languages" ("id" integer PRIMARY KEY AUTOINCREMENT NOT NULL, "name" varchar, "description" text, "created_at" datetime(6) NOT NULL, "updated_at" datetime(6) NOT NULL)[0m
  [1m[36mprimary::SchemaMigration Create (0.1ms)[0m  [1m[32mINSERT INTO "schema_migrations" ("version") VALUES (?)[0m  [["version", "20200410002916"]]
  [1m[35m (0.6ms)[0m  [1m[36mcommit transaction[0m
Migrating to CreateCards (20200410003509)
  [1m[35m (0.0ms)[0m  [1m[36mbegin transaction[0m
  [1m[35m (0.3ms)[0m  [1m[35mCREATE TABLE "cards" ("id" integer PRIMARY KEY AUTOINCREMENT NOT NULL, "title" varchar, "question" varchar, "answer" varchar, "language" varchar, "created_at" datetime(6) NOT NULL, "updated_at" datetime(6) NOT NULL)[0m
  [1m[36mprimary::SchemaMigration Create (0.1ms)[0m  [1m[32mINSERT INTO "schema_migrations" ("version") VALUES (?)[0m  [["version", "20200410003509"]]
  [1m[35m (0.6ms)[0m  [1m[36mcommit transaction[0m
  [1m[36mActiveRecord::InternalMetadata Load (0.2ms)[0m  [1m[34mSELECT "ar_internal_metadata".* FROM "ar_internal_metadata" WHERE "ar_internal_metadata"."key" = ? LIMIT ?[0m  [["key", "environment"], ["LIMIT", 1]]
  [1m[35m (0.0ms)[0m  [1m[36mbegin transaction[0m
  [1m[36mActiveRecord::InternalMetadata Create (0.3ms)[0m  [1m[32mINSERT INTO "ar_internal_metadata" ("key", "value", "created_at", "updated_at") VALUES (?, ?, ?, ?)[0m  [["key", "environment"], ["value", "development"], ["created_at", "2020-04-10 00:37:56.659213"], ["updated_at", "2020-04-10 00:37:56.659213"]]
  [1m[35m (0.6ms)[0m  [1m[36mcommit transaction[0m
  [1m[35m (0.0ms)[0m  [1m[34mSELECT sqlite_version(*)[0m
  [1m[35m (0.1ms)[0m  [1m[34mSELECT "schema_migrations"."version" FROM "schema_migrations" ORDER BY "schema_migrations"."version" ASC[0m
Started GET "/languages" for ::1 at 2020-04-09 20:38:04 -0400
  [1m[35m (0.4ms)[0m  [1m[34mSELECT sqlite_version(*)[0m
  [1m[35m (0.1ms)[0m  [1m[34mSELECT "schema_migrations"."version" FROM "schema_migrations" ORDER BY "schema_migrations"."version" ASC[0m
Processing by LanguagesController#index as HTML
  [1m[36mLanguage Load (0.3ms)[0m  [1m[34mSELECT "languages".* FROM "languages"[0m
  ↳ app/controllers/languages_controller.rb:8:in `index'
Completed 200 OK in 7ms (Views: 2.2ms | ActiveRecord: 0.6ms | Allocations: 1676)


  [1m[35m (0.5ms)[0m  [1m[34mSELECT sqlite_version(*)[0m
  [1m[35m (0.5ms)[0m  [1m[34mSELECT "schema_migrations"."version" FROM "schema_migrations" ORDER BY "schema_migrations"."version" ASC[0m
Migrating to RemoveDescriptionFromLanguages (20200410005631)
  [1m[35m (0.1ms)[0m  [1m[36mbegin transaction[0m
  [1m[35m (0.0ms)[0m  [1m[35mPRAGMA foreign_keys[0m
  [1m[35m (0.0ms)[0m  [1m[35mPRAGMA defer_foreign_keys[0m
  [1m[35m (0.1ms)[0m  [1m[35mPRAGMA defer_foreign_keys = ON[0m
  [1m[35m (0.0ms)[0m  [1m[35mPRAGMA foreign_keys = OFF[0m
  [1m[35m (0.2ms)[0m  [1m[35mCREATE TEMPORARY TABLE "alanguages" ("id" integer NOT NULL PRIMARY KEY, "name" varchar DEFAULT NULL, "description" text DEFAULT NULL, "created_at" datetime(6) NOT NULL, "updated_at" datetime(6) NOT NULL)[0m
  [1m[35m (0.2ms)[0m  [1m[32mINSERT INTO "alanguages" ("id","name","description","created_at","updated_at")
                     SELECT "id","name","description","created_at","updated_at" FROM "languages"[0m
  [1m[35m (0.6ms)[0m  [1m[35mDROP TABLE "languages"[0m
  [1m[35m (0.1ms)[0m  [1m[35mCREATE TABLE "languages" ("id" integer NOT NULL PRIMARY KEY, "name" varchar DEFAULT NULL, "created_at" datetime(6) NOT NULL, "updated_at" datetime(6) NOT NULL)[0m
  [1m[35m (0.0ms)[0m  [1m[32mINSERT INTO "languages" ("id","name","created_at","updated_at")
                     SELECT "id","name","created_at","updated_at" FROM "alanguages"[0m
  [1m[35m (0.1ms)[0m  [1m[35mDROP TABLE "alanguages"[0m
  [1m[35m (0.0ms)[0m  [1m[35mPRAGMA defer_foreign_keys = 0[0m
  [1m[35m (0.0ms)[0m  [1m[35mPRAGMA foreign_keys = 1[0m
  [1m[36mprimary::SchemaMigration Create (0.3ms)[0m  [1m[32mINSERT INTO "schema_migrations" ("version") VALUES (?)[0m  [["version", "20200410005631"]]
  [1m[35m (0.7ms)[0m  [1m[36mcommit transaction[0m
  [1m[36mActiveRecord::InternalMetadata Load (0.6ms)[0m  [1m[34mSELECT "ar_internal_metadata".* FROM "ar_internal_metadata" WHERE "ar_internal_metadata"."key" = ? LIMIT ?[0m  [["key", "environment"], ["LIMIT", 1]]
  [1m[35m (0.1ms)[0m  [1m[34mSELECT sqlite_version(*)[0m
  [1m[35m (0.1ms)[0m  [1m[34mSELECT "schema_migrations"."version" FROM "schema_migrations" ORDER BY "schema_migrations"."version" ASC[0m
Started GET "/languages" for ::1 at 2020-04-09 21:06:13 -0400
  [1m[35m (0.7ms)[0m  [1m[34mSELECT sqlite_version(*)[0m
  [1m[35m (0.1ms)[0m  [1m[34mSELECT "schema_migrations"."version" FROM "schema_migrations" ORDER BY "schema_migrations"."version" ASC[0m
Processing by LanguagesController#index as HTML
  [1m[36mLanguage Load (0.2ms)[0m  [1m[34mSELECT "languages".* FROM "languages"[0m
  ↳ app/controllers/languages_controller.rb:8:in `index'
Completed 200 OK in 59ms (Views: 8.2ms | ActiveRecord: 0.5ms | Allocations: 2710)


Started GET "/languages" for ::1 at 2020-04-10 09:39:39 -0400
  [1m[35m (2.5ms)[0m  [1m[34mSELECT sqlite_version(*)[0m
  [1m[35m (0.3ms)[0m  [1m[34mSELECT "schema_migrations"."version" FROM "schema_migrations" ORDER BY "schema_migrations"."version" ASC[0m
Processing by LanguagesController#index as HTML
  [1m[36mLanguage Load (1.1ms)[0m  [1m[34mSELECT "languages".* FROM "languages"[0m
  ↳ app/controllers/languages_controller.rb:8:in `index'
Completed 200 OK in 129ms (Views: 2.0ms | ActiveRecord: 1.5ms | Allocations: 2298)


  [1m[35m (0.3ms)[0m  [1m[34mSELECT sqlite_version(*)[0m
  [1m[35m (0.1ms)[0m  [1m[34mSELECT "schema_migrations"."version" FROM "schema_migrations" ORDER BY "schema_migrations"."version" ASC[0m
  [1m[36mActiveRecord::InternalMetadata Load (0.5ms)[0m  [1m[34mSELECT "ar_internal_metadata".* FROM "ar_internal_metadata" WHERE "ar_internal_metadata"."key" = ? LIMIT ?[0m  [["key", "environment"], ["LIMIT", 1]]
  [1m[35m (0.0ms)[0m  [1m[34mSELECT sqlite_version(*)[0m
  [1m[35m (0.1ms)[0m  [1m[34mSELECT "schema_migrations"."version" FROM "schema_migrations" ORDER BY "schema_migrations"."version" ASC[0m
  [1m[35m (0.4ms)[0m  [1m[34mSELECT sqlite_version(*)[0m
  [1m[35m (0.1ms)[0m  [1m[34mSELECT "schema_migrations"."version" FROM "schema_migrations" ORDER BY "schema_migrations"."version" ASC[0m
  [1m[35m (0.0ms)[0m  [1m[34mSELECT sqlite_version(*)[0m
  [1m[35m (0.0ms)[0m  [1m[36mbegin transaction[0m
  [1m[36mLanguage Create (0.7ms)[0m  [1m[32mINSERT INTO "languages" ("name", "created_at", "updated_at") VALUES (?, ?, ?)[0m  [["name", "React"], ["created_at", "2020-04-10 13:40:19.633783"], ["updated_at", "2020-04-10 13:40:19.633783"]]
  [1m[35m (0.8ms)[0m  [1m[36mcommit transaction[0m
  [1m[35m (0.3ms)[0m  [1m[34mSELECT sqlite_version(*)[0m
  [1m[35m (0.1ms)[0m  [1m[34mSELECT "schema_migrations"."version" FROM "schema_migrations" ORDER BY "schema_migrations"."version" ASC[0m
  [1m[35m (0.1ms)[0m  [1m[34mSELECT sqlite_version(*)[0m
  [1m[35m (0.1ms)[0m  [1m[36mbegin transaction[0m
  [1m[36mLanguage Create (0.4ms)[0m  [1m[32mINSERT INTO "languages" ("name", "created_at", "updated_at") VALUES (?, ?, ?)[0m  [["name", "Javascript"], ["created_at", "2020-04-10 13:51:47.127209"], ["updated_at", "2020-04-10 13:51:47.127209"]]
  [1m[35m (0.7ms)[0m  [1m[36mcommit transaction[0m
  [1m[35m (0.0ms)[0m  [1m[36mbegin transaction[0m
  [1m[36mLanguage Create (0.2ms)[0m  [1m[32mINSERT INTO "languages" ("name", "created_at", "updated_at") VALUES (?, ?, ?)[0m  [["name", "Ruby"], ["created_at", "2020-04-10 13:51:47.136801"], ["updated_at", "2020-04-10 13:51:47.136801"]]
  [1m[35m (0.6ms)[0m  [1m[36mcommit transaction[0m
  [1m[35m (0.0ms)[0m  [1m[36mbegin transaction[0m
  [1m[36mLanguage Create (0.3ms)[0m  [1m[32mINSERT INTO "languages" ("name", "created_at", "updated_at") VALUES (?, ?, ?)[0m  [["name", "HTML"], ["created_at", "2020-04-10 13:51:47.146001"], ["updated_at", "2020-04-10 13:51:47.146001"]]
  [1m[35m (0.8ms)[0m  [1m[36mcommit transaction[0m
  [1m[35m (0.0ms)[0m  [1m[36mbegin transaction[0m
  [1m[36mLanguage Create (0.3ms)[0m  [1m[32mINSERT INTO "languages" ("name", "created_at", "updated_at") VALUES (?, ?, ?)[0m  [["name", "CSS"], ["created_at", "2020-04-10 13:51:47.154119"], ["updated_at", "2020-04-10 13:51:47.154119"]]
  [1m[35m (0.6ms)[0m  [1m[36mcommit transaction[0m
  [1m[35m (0.0ms)[0m  [1m[36mbegin transaction[0m
  [1m[36mLanguage Create (0.3ms)[0m  [1m[32mINSERT INTO "languages" ("name", "created_at", "updated_at") VALUES (?, ?, ?)[0m  [["name", "React"], ["created_at", "2020-04-10 13:51:47.163432"], ["updated_at", "2020-04-10 13:51:47.163432"]]
  [1m[35m (0.6ms)[0m  [1m[36mcommit transaction[0m
  [1m[36mLanguage Load (0.2ms)[0m  [1m[34mSELECT "languages".* FROM "languages" ORDER BY "languages"."id" ASC LIMIT ?[0m  [["LIMIT", 1]]
  [1m[36mLanguage Load (0.1ms)[0m  [1m[34mSELECT "languages".* FROM "languages" ORDER BY "languages"."id" ASC LIMIT ?[0m  [["LIMIT", 1]]
  [1m[36mLanguage Load (0.1ms)[0m  [1m[34mSELECT "languages".* FROM "languages" ORDER BY "languages"."id" ASC LIMIT ?[0m  [["LIMIT", 1]]
  [1m[35m (0.8ms)[0m  [1m[34mSELECT sqlite_version(*)[0m
  [1m[35m (0.3ms)[0m  [1m[34mSELECT "schema_migrations"."version" FROM "schema_migrations" ORDER BY "schema_migrations"."version" ASC[0m
  [1m[35m (0.4ms)[0m  [1m[34mSELECT "ar_internal_metadata"."value" FROM "ar_internal_metadata" WHERE "ar_internal_metadata"."key" = ?[0m  [["key", "environment"]]
  [1m[35m (0.1ms)[0m  [1m[34mSELECT "schema_migrations"."version" FROM "schema_migrations" ORDER BY "schema_migrations"."version" ASC[0m
  [1m[35m (0.1ms)[0m  [1m[34mSELECT "ar_internal_metadata"."value" FROM "ar_internal_metadata" WHERE "ar_internal_metadata"."key" = ?[0m  [["key", "environment"]]
  [1m[35m (0.1ms)[0m  [1m[34mSELECT "schema_migrations"."version" FROM "schema_migrations" ORDER BY "schema_migrations"."version" ASC[0m
  [1m[35m (0.1ms)[0m  [1m[34mSELECT "ar_internal_metadata"."value" FROM "ar_internal_metadata" WHERE "ar_internal_metadata"."key" = ?[0m  [["key", "environment"]]
  [1m[35m (0.4ms)[0m  [1m[34mSELECT sqlite_version(*)[0m
  [1m[35m (1.9ms)[0m  [1m[35mCREATE TABLE "schema_migrations" ("version" varchar NOT NULL PRIMARY KEY)[0m
  [1m[35m (0.9ms)[0m  [1m[35mCREATE TABLE "ar_internal_metadata" ("key" varchar NOT NULL PRIMARY KEY, "value" varchar, "created_at" datetime(6) NOT NULL, "updated_at" datetime(6) NOT NULL)[0m
  [1m[35m (0.1ms)[0m  [1m[34mSELECT "schema_migrations"."version" FROM "schema_migrations" ORDER BY "schema_migrations"."version" ASC[0m
Migrating to CreateLanguages (20200410002916)
  [1m[35m (0.1ms)[0m  [1m[36mbegin transaction[0m
  [1m[35m (0.3ms)[0m  [1m[35mCREATE TABLE "languages" ("id" integer PRIMARY KEY AUTOINCREMENT NOT NULL, "name" varchar, "description" text, "created_at" datetime(6) NOT NULL, "updated_at" datetime(6) NOT NULL)[0m
  [1m[36mprimary::SchemaMigration Create (0.2ms)[0m  [1m[32mINSERT INTO "schema_migrations" ("version") VALUES (?)[0m  [["version", "20200410002916"]]
  [1m[35m (0.8ms)[0m  [1m[36mcommit transaction[0m
Migrating to CreateCards (20200410003509)
  [1m[35m (0.0ms)[0m  [1m[36mbegin transaction[0m
  [1m[35m (0.3ms)[0m  [1m[35mCREATE TABLE "cards" ("id" integer PRIMARY KEY AUTOINCREMENT NOT NULL, "title" varchar, "question" varchar, "answer" varchar, "language" varchar, "created_at" datetime(6) NOT NULL, "updated_at" datetime(6) NOT NULL)[0m
  [1m[36mprimary::SchemaMigration Create (0.1ms)[0m  [1m[32mINSERT INTO "schema_migrations" ("version") VALUES (?)[0m  [["version", "20200410003509"]]
  [1m[35m (0.6ms)[0m  [1m[36mcommit transaction[0m
  [1m[36mActiveRecord::InternalMetadata Load (0.2ms)[0m  [1m[34mSELECT "ar_internal_metadata".* FROM "ar_internal_metadata" WHERE "ar_internal_metadata"."key" = ? LIMIT ?[0m  [["key", "environment"], ["LIMIT", 1]]
  [1m[35m (0.0ms)[0m  [1m[36mbegin transaction[0m
  [1m[36mActiveRecord::InternalMetadata Create (0.4ms)[0m  [1m[32mINSERT INTO "ar_internal_metadata" ("key", "value", "created_at", "updated_at") VALUES (?, ?, ?, ?)[0m  [["key", "environment"], ["value", "development"], ["created_at", "2020-04-10 15:14:15.935264"], ["updated_at", "2020-04-10 15:14:15.935264"]]
  [1m[35m (1.5ms)[0m  [1m[36mcommit transaction[0m
  [1m[35m (0.1ms)[0m  [1m[34mSELECT sqlite_version(*)[0m
  [1m[35m (0.1ms)[0m  [1m[34mSELECT "schema_migrations"."version" FROM "schema_migrations" ORDER BY "schema_migrations"."version" ASC[0m
  [1m[35m (0.6ms)[0m  [1m[34mSELECT sqlite_version(*)[0m
  [1m[35m (0.1ms)[0m  [1m[34mSELECT "schema_migrations"."version" FROM "schema_migrations" ORDER BY "schema_migrations"."version" ASC[0m
Migrating to AddCardsAssociationToLanguage (20200410151611)
  [1m[35m (0.0ms)[0m  [1m[36mbegin transaction[0m
  [1m[35m (0.9ms)[0m  [1m[35mALTER TABLE "cards" ADD "language_id" integer[0m
  [1m[35m (0.1ms)[0m  [1m[35mCREATE  INDEX "index_cards_on_language_id" ON "cards" ("language_id")[0m
  [1m[36mprimary::SchemaMigration Create (0.1ms)[0m  [1m[32mINSERT INTO "schema_migrations" ("version") VALUES (?)[0m  [["version", "20200410151611"]]
  [1m[35m (0.9ms)[0m  [1m[36mcommit transaction[0m
  [1m[36mActiveRecord::InternalMetadata Load (0.2ms)[0m  [1m[34mSELECT "ar_internal_metadata".* FROM "ar_internal_metadata" WHERE "ar_internal_metadata"."key" = ? LIMIT ?[0m  [["key", "environment"], ["LIMIT", 1]]
  [1m[35m (0.1ms)[0m  [1m[34mSELECT sqlite_version(*)[0m
  [1m[35m (0.1ms)[0m  [1m[34mSELECT "schema_migrations"."version" FROM "schema_migrations" ORDER BY "schema_migrations"."version" ASC[0m
  [1m[35m (0.4ms)[0m  [1m[34mSELECT sqlite_version(*)[0m
  [1m[35m (0.1ms)[0m  [1m[36mbegin transaction[0m
  [1m[36mLanguage Create (0.6ms)[0m  [1m[32mINSERT INTO "languages" ("name", "created_at", "updated_at") VALUES (?, ?, ?)[0m  [["name", "Ruby"], ["created_at", "2020-04-10 15:20:31.755345"], ["updated_at", "2020-04-10 15:20:31.755345"]]
  [1m[35m (2.0ms)[0m  [1m[36mcommit transaction[0m
  [1m[35m (0.3ms)[0m  [1m[34mSELECT sqlite_version(*)[0m
  [1m[35m (0.1ms)[0m  [1m[34mSELECT "schema_migrations"."version" FROM "schema_migrations" ORDER BY "schema_migrations"."version" ASC[0m
  [1m[35m (0.1ms)[0m  [1m[34mSELECT "ar_internal_metadata"."value" FROM "ar_internal_metadata" WHERE "ar_internal_metadata"."key" = ?[0m  [["key", "environment"]]
  [1m[35m (0.0ms)[0m  [1m[34mSELECT "schema_migrations"."version" FROM "schema_migrations" ORDER BY "schema_migrations"."version" ASC[0m
  [1m[35m (0.1ms)[0m  [1m[34mSELECT "ar_internal_metadata"."value" FROM "ar_internal_metadata" WHERE "ar_internal_metadata"."key" = ?[0m  [["key", "environment"]]
  [1m[35m (0.1ms)[0m  [1m[34mSELECT "schema_migrations"."version" FROM "schema_migrations" ORDER BY "schema_migrations"."version" ASC[0m
  [1m[35m (0.1ms)[0m  [1m[34mSELECT "ar_internal_metadata"."value" FROM "ar_internal_metadata" WHERE "ar_internal_metadata"."key" = ?[0m  [["key", "environment"]]
  [1m[35m (2.4ms)[0m  [1m[34mSELECT sqlite_version(*)[0m
  [1m[35m (0.3ms)[0m  [1m[34mSELECT sqlite_version(*)[0m
  [1m[35m (1.7ms)[0m  [1m[35mCREATE TABLE "schema_migrations" ("version" varchar NOT NULL PRIMARY KEY)[0m
  [1m[35m (0.9ms)[0m  [1m[35mCREATE TABLE "ar_internal_metadata" ("key" varchar NOT NULL PRIMARY KEY, "value" varchar, "created_at" datetime(6) NOT NULL, "updated_at" datetime(6) NOT NULL)[0m
  [1m[35m (0.1ms)[0m  [1m[34mSELECT "schema_migrations"."version" FROM "schema_migrations" ORDER BY "schema_migrations"."version" ASC[0m
Migrating to CreateLanguages (20200410152429)
  [1m[35m (0.1ms)[0m  [1m[36mbegin transaction[0m
  [1m[35m (0.3ms)[0m  [1m[35mCREATE TABLE "languages" ("id" integer PRIMARY KEY AUTOINCREMENT NOT NULL, "name" varchar)[0m
  [1m[36mprimary::SchemaMigration Create (0.3ms)[0m  [1m[32mINSERT INTO "schema_migrations" ("version") VALUES (?)[0m  [["version", "20200410152429"]]
  [1m[35m (1.2ms)[0m  [1m[36mcommit transaction[0m
Migrating to CreateCards (20200410152512)
  [1m[35m (0.0ms)[0m  [1m[36mbegin transaction[0m
  [1m[35m (0.6ms)[0m  [1m[35mCREATE TABLE "cards" ("id" integer PRIMARY KEY AUTOINCREMENT NOT NULL, "title" varchar, "question" varchar, "answer" varchar, "created_at" datetime(6) NOT NULL, "updated_at" datetime(6) NOT NULL)[0m
  [1m[36mprimary::SchemaMigration Create (0.1ms)[0m  [1m[32mINSERT INTO "schema_migrations" ("version") VALUES (?)[0m  [["version", "20200410152512"]]
  [1m[35m (0.7ms)[0m  [1m[36mcommit transaction[0m
  [1m[36mActiveRecord::InternalMetadata Load (0.1ms)[0m  [1m[34mSELECT "ar_internal_metadata".* FROM "ar_internal_metadata" WHERE "ar_internal_metadata"."key" = ? LIMIT ?[0m  [["key", "environment"], ["LIMIT", 1]]
  [1m[35m (0.0ms)[0m  [1m[36mbegin transaction[0m
  [1m[36mActiveRecord::InternalMetadata Create (0.6ms)[0m  [1m[32mINSERT INTO "ar_internal_metadata" ("key", "value", "created_at", "updated_at") VALUES (?, ?, ?, ?)[0m  [["key", "environment"], ["value", "development"], ["created_at", "2020-04-10 15:26:16.359136"], ["updated_at", "2020-04-10 15:26:16.359136"]]
  [1m[35m (0.6ms)[0m  [1m[36mcommit transaction[0m
  [1m[35m (0.0ms)[0m  [1m[34mSELECT sqlite_version(*)[0m
  [1m[35m (0.1ms)[0m  [1m[34mSELECT "schema_migrations"."version" FROM "schema_migrations" ORDER BY "schema_migrations"."version" ASC[0m
  [1m[35m (0.3ms)[0m  [1m[34mSELECT sqlite_version(*)[0m
  [1m[35m (0.1ms)[0m  [1m[34mSELECT "schema_migrations"."version" FROM "schema_migrations" ORDER BY "schema_migrations"."version" ASC[0m
Migrating to AddCardsAssociationToLanguage (20200410152640)
  [1m[35m (0.0ms)[0m  [1m[36mbegin transaction[0m
  [1m[35m (0.4ms)[0m  [1m[35mALTER TABLE "cards" ADD "language_id" integer[0m
  [1m[35m (0.1ms)[0m  [1m[35mCREATE  INDEX "index_cards_on_language_id" ON "cards" ("language_id")[0m
  [1m[36mprimary::SchemaMigration Create (0.1ms)[0m  [1m[32mINSERT INTO "schema_migrations" ("version") VALUES (?)[0m  [["version", "20200410152640"]]
  [1m[35m (0.6ms)[0m  [1m[36mcommit transaction[0m
  [1m[36mActiveRecord::InternalMetadata Load (0.2ms)[0m  [1m[34mSELECT "ar_internal_metadata".* FROM "ar_internal_metadata" WHERE "ar_internal_metadata"."key" = ? LIMIT ?[0m  [["key", "environment"], ["LIMIT", 1]]
  [1m[35m (0.0ms)[0m  [1m[34mSELECT sqlite_version(*)[0m
  [1m[35m (0.1ms)[0m  [1m[34mSELECT "schema_migrations"."version" FROM "schema_migrations" ORDER BY "schema_migrations"."version" ASC[0m
  [1m[35m (0.4ms)[0m  [1m[34mSELECT sqlite_version(*)[0m
  [1m[35m (0.1ms)[0m  [1m[36mbegin transaction[0m
  [1m[36mLanguage Create (0.5ms)[0m  [1m[32mINSERT INTO "languages" ("name") VALUES (?)[0m  [["name", "ruby"]]
  [1m[35m (0.6ms)[0m  [1m[36mcommit transaction[0m
  [1m[36mCard Load (0.1ms)[0m  [1m[34mSELECT "cards".* FROM "cards" WHERE "cards"."language_id" = ? LIMIT ?[0m  [["language_id", 1], ["LIMIT", 11]]
  [1m[35m (0.1ms)[0m  [1m[36mbegin transaction[0m
  [1m[36mLanguage Load (0.2ms)[0m  [1m[34mSELECT "languages".* FROM "languages" WHERE "languages"."id" = ? LIMIT ?[0m  [["id", 1], ["LIMIT", 1]]
  [1m[36mCard Create (0.5ms)[0m  [1m[32mINSERT INTO "cards" ("created_at", "updated_at", "language_id") VALUES (?, ?, ?)[0m  [["created_at", "2020-04-10 15:29:51.040755"], ["updated_at", "2020-04-10 15:29:51.040755"], ["language_id", 1]]
  [1m[35m (1.7ms)[0m  [1m[36mcommit transaction[0m
  [1m[36mCard Load (1.1ms)[0m  [1m[34mSELECT "cards".* FROM "cards" WHERE "cards"."language_id" = ? LIMIT ?[0m  [["language_id", 1], ["LIMIT", 11]]
  [1m[35m (0.1ms)[0m  [1m[36mbegin transaction[0m
  [1m[36mCard Update (0.3ms)[0m  [1m[33mUPDATE "cards" SET "title" = ?, "question" = ?, "answer" = ?, "updated_at" = ? WHERE "cards"."id" = ?[0m  [["title", "Gem"], ["question", "It's analog is Library in JS"], ["answer", "a bundle of code packaged for your use in Ruby"], ["updated_at", "2020-04-10 15:33:05.583487"], ["id", 1]]
  [1m[35m (1.2ms)[0m  [1m[36mcommit transaction[0m
  [1m[36mCard Load (0.1ms)[0m  [1m[34mSELECT "cards".* FROM "cards" WHERE "cards"."language_id" = ? LIMIT ?[0m  [["language_id", 1], ["LIMIT", 11]]
Started GET "/languages" for ::1 at 2020-04-10 11:42:42 -0400
  [1m[35m (2.0ms)[0m  [1m[34mSELECT sqlite_version(*)[0m
  [1m[35m (0.2ms)[0m  [1m[34mSELECT "schema_migrations"."version" FROM "schema_migrations" ORDER BY "schema_migrations"."version" ASC[0m
Processing by LanguagesController#index as HTML
  [1m[36mLanguage Load (0.2ms)[0m  [1m[34mSELECT "languages".* FROM "languages"[0m
  ↳ app/controllers/languages_controller.rb:8:in `index'
Completed 200 OK in 8ms (Views: 3.0ms | ActiveRecord: 0.6ms | Allocations: 3521)


Started GET "/languages" for ::1 at 2020-04-10 11:45:56 -0400
Processing by LanguagesController#index as HTML
  [1m[36mLanguage Load (0.1ms)[0m  [1m[34mSELECT "languages".* FROM "languages"[0m
  ↳ app/controllers/languages_controller.rb:8:in `index'
Completed 200 OK in 1ms (Views: 1.0ms | ActiveRecord: 0.1ms | Allocations: 825)


  [1m[35m (0.5ms)[0m  [1m[34mSELECT sqlite_version(*)[0m
  [1m[35m (0.3ms)[0m  [1m[34mSELECT "schema_migrations"."version" FROM "schema_migrations" ORDER BY "schema_migrations"."version" ASC[0m
Started GET "/" for ::1 at 2020-04-10 12:49:11 -0400
  [1m[35m (0.6ms)[0m  [1m[34mSELECT sqlite_version(*)[0m
  [1m[35m (0.2ms)[0m  [1m[34mSELECT "schema_migrations"."version" FROM "schema_migrations" ORDER BY "schema_migrations"."version" ASC[0m
Processing by Rails::WelcomeController#index as HTML
  Rendering /Users/ryan/.rvm/gems/ruby-2.6.1/gems/railties-6.0.2.2/lib/rails/templates/rails/welcome/index.html.erb
  Rendered /Users/ryan/.rvm/gems/ruby-2.6.1/gems/railties-6.0.2.2/lib/rails/templates/rails/welcome/index.html.erb (Duration: 7.0ms | Allocations: 315)
Completed 200 OK in 12ms (Views: 9.4ms | ActiveRecord: 0.0ms | Allocations: 1596)


Started GET "/languages" for ::1 at 2020-04-10 12:49:16 -0400
Processing by LanguagesController#index as HTML
  [1m[36mLanguage Load (0.3ms)[0m  [1m[34mSELECT "languages".* FROM "languages"[0m
  ↳ app/controllers/languages_controller.rb:8:in `index'
Completed 200 OK in 8ms (Views: 3.9ms | ActiveRecord: 0.7ms | Allocations: 3553)


Started GET "/cards" for ::1 at 2020-04-10 12:49:33 -0400
Processing by CardsController#index as HTML
  [1m[36mCard Load (0.4ms)[0m  [1m[34mSELECT "cards".* FROM "cards"[0m
  ↳ app/controllers/cards_controller.rb:8:in `index'
Completed 200 OK in 11ms (Views: 6.7ms | ActiveRecord: 0.8ms | Allocations: 6148)


Started GET "/cards" for ::1 at 2020-04-10 13:07:13 -0400
  [1m[35m (2.6ms)[0m  [1m[34mSELECT sqlite_version(*)[0m
  [1m[35m (0.3ms)[0m  [1m[34mSELECT "schema_migrations"."version" FROM "schema_migrations" ORDER BY "schema_migrations"."version" ASC[0m
Processing by CardsController#index as HTML
  [1m[36mCard Load (0.5ms)[0m  [1m[34mSELECT "cards".* FROM "cards"[0m
  ↳ app/controllers/cards_controller.rb:8:in `index'
Completed 200 OK in 14ms (Views: 7.5ms | ActiveRecord: 1.3ms | Allocations: 6588)


  [1m[35m (0.3ms)[0m  [1m[34mSELECT sqlite_version(*)[0m
  [1m[35m (0.1ms)[0m  [1m[34mSELECT "schema_migrations"."version" FROM "schema_migrations" ORDER BY "schema_migrations"."version" ASC[0m
  [1m[35m (0.1ms)[0m  [1m[34mSELECT sqlite_version(*)[0m
  [1m[35m (0.1ms)[0m  [1m[36mbegin transaction[0m
  [1m[36mLanguage Load (0.4ms)[0m  [1m[34mSELECT "languages".* FROM "languages" WHERE "languages"."id" = ? LIMIT ?[0m  [["id", 1], ["LIMIT", 1]]
  [1m[36mCard Create (0.9ms)[0m  [1m[32mINSERT INTO "cards" ("title", "question", "answer", "created_at", "updated_at", "language_id") VALUES (?, ?, ?, ?, ?, ?)[0m  [["title", "HTML"], ["question", "What is HTML?"], ["answer", "Hyper Text Markup Language (HTML) is a markup language for creating a webpage."], ["created_at", "2020-04-10 17:12:30.852782"], ["updated_at", "2020-04-10 17:12:30.852782"], ["language_id", 1]]
  [1m[35m (0.8ms)[0m  [1m[36mcommit transaction[0m
  [1m[35m (0.0ms)[0m  [1m[36mbegin transaction[0m
  [1m[36mLanguage Load (0.1ms)[0m  [1m[34mSELECT "languages".* FROM "languages" WHERE "languages"."id" = ? LIMIT ?[0m  [["id", 1], ["LIMIT", 1]]
  [1m[36mCard Create (0.3ms)[0m  [1m[32mINSERT INTO "cards" ("title", "question", "answer", "created_at", "updated_at", "language_id") VALUES (?, ?, ?, ?, ?, ?)[0m  [["title", "Fetch"], ["question", "What is Fetch?"], ["answer", "The Fetch API provides a JavaScript interface for accessing and \n    manipulating parts of the HTTP pipeline, such as requests and responses. \n    It also provides a global fetch() method that provides an easy, \n    logical way to fetch resources asynchronously across the network."], ["created_at", "2020-04-10 17:12:30.859301"], ["updated_at", "2020-04-10 17:12:30.859301"], ["language_id", 1]]
  [1m[35m (0.6ms)[0m  [1m[36mcommit transaction[0m
  [1m[35m (0.0ms)[0m  [1m[36mbegin transaction[0m
  [1m[36mLanguage Load (0.1ms)[0m  [1m[34mSELECT "languages".* FROM "languages" WHERE "languages"."id" = ? LIMIT ?[0m  [["id", 1], ["LIMIT", 1]]
  [1m[36mCard Create (0.4ms)[0m  [1m[32mINSERT INTO "cards" ("title", "question", "answer", "created_at", "updated_at", "language_id") VALUES (?, ?, ?, ?, ?, ?)[0m  [["title", "Variables"], ["question", "What are variable in JS?"], ["answer", "JavaScript variables are containers for storing data values.\n    In this example, x, y, and z, are variables:\n    var x = 5;\n    var y = 6;\n    var z = x + y;"], ["created_at", "2020-04-10 17:12:30.863838"], ["updated_at", "2020-04-10 17:12:30.863838"], ["language_id", 1]]
  [1m[35m (0.6ms)[0m  [1m[36mcommit transaction[0m
Started GET "/cards" for ::1 at 2020-04-10 13:12:41 -0400
  [1m[35m (0.3ms)[0m  [1m[34mSELECT sqlite_version(*)[0m
  [1m[35m (0.1ms)[0m  [1m[34mSELECT "schema_migrations"."version" FROM "schema_migrations" ORDER BY "schema_migrations"."version" ASC[0m
Processing by CardsController#index as HTML
  [1m[36mCard Load (0.3ms)[0m  [1m[34mSELECT "cards".* FROM "cards"[0m
  ↳ app/controllers/cards_controller.rb:8:in `index'
Completed 200 OK in 15ms (Views: 8.6ms | ActiveRecord: 0.9ms | Allocations: 7074)


Started GET "/cards" for ::1 at 2020-04-10 15:15:11 -0400
  [1m[35m (0.5ms)[0m  [1m[34mSELECT sqlite_version(*)[0m
  [1m[35m (0.2ms)[0m  [1m[34mSELECT "schema_migrations"."version" FROM "schema_migrations" ORDER BY "schema_migrations"."version" ASC[0m
Processing by CardsController#index as HTML
  [1m[36mCard Load (0.3ms)[0m  [1m[34mSELECT "cards".* FROM "cards"[0m
  ↳ app/controllers/cards_controller.rb:8:in `index'
[active_model_serializers] Rendered ActiveModel::Serializer::CollectionSerializer with ActiveModelSerializers::Adapter::Attributes (1.12ms)
Completed 200 OK in 43ms (Views: 33.0ms | ActiveRecord: 1.4ms | Allocations: 9667)


Started GET "/cards" for ::1 at 2020-04-10 15:15:53 -0400
  [1m[35m (0.1ms)[0m  [1m[34mSELECT sqlite_version(*)[0m
Processing by CardsController#index as HTML
  [1m[36mCard Load (0.2ms)[0m  [1m[34mSELECT "cards".* FROM "cards"[0m
  ↳ app/controllers/cards_controller.rb:8:in `index'
[active_model_serializers] Rendered ActiveModel::Serializer::CollectionSerializer with ActiveModelSerializers::Adapter::Attributes (0.93ms)
Completed 200 OK in 52ms (Views: 50.1ms | ActiveRecord: 0.6ms | Allocations: 6764)


Started GET "/languages" for ::1 at 2020-04-10 15:16:56 -0400
  [1m[35m (0.1ms)[0m  [1m[34mSELECT sqlite_version(*)[0m
Processing by LanguagesController#index as HTML
  [1m[36mLanguage Load (0.1ms)[0m  [1m[34mSELECT "languages".* FROM "languages"[0m
  ↳ app/controllers/languages_controller.rb:8:in `index'
[active_model_serializers]   [1m[36mCard Load (0.3ms)[0m  [1m[34mSELECT "cards".* FROM "cards" WHERE "cards"."language_id" = ?[0m  [["language_id", 1]]
[active_model_serializers]   ↳ app/controllers/languages_controller.rb:8:in `index'
[active_model_serializers] Rendered ActiveModel::Serializer::CollectionSerializer with ActiveModelSerializers::Adapter::Attributes (153.39ms)
Completed 200 OK in 162ms (Views: 156.8ms | ActiveRecord: 1.6ms | Allocations: 12674)


Started GET "/languages" for ::1 at 2020-04-10 15:17:08 -0400
  [1m[35m (0.1ms)[0m  [1m[34mSELECT sqlite_version(*)[0m
Processing by LanguagesController#index as HTML
  [1m[36mLanguage Load (0.1ms)[0m  [1m[34mSELECT "languages".* FROM "languages"[0m
  ↳ app/controllers/languages_controller.rb:8:in `index'
[active_model_serializers] Rendered ActiveModel::Serializer::CollectionSerializer with ActiveModelSerializers::Adapter::Attributes (0.54ms)
Completed 200 OK in 8ms (Views: 5.6ms | ActiveRecord: 0.5ms | Allocations: 3596)


Started GET "/languages" for ::1 at 2020-04-10 15:17:20 -0400
  [1m[35m (0.1ms)[0m  [1m[34mSELECT sqlite_version(*)[0m
Processing by LanguagesController#index as HTML
  [1m[36mLanguage Load (0.1ms)[0m  [1m[34mSELECT "languages".* FROM "languages"[0m
  ↳ app/controllers/languages_controller.rb:8:in `index'
[active_model_serializers]   [1m[36mCard Load (0.1ms)[0m  [1m[34mSELECT "cards".* FROM "cards" WHERE "cards"."language_id" = ?[0m  [["language_id", 1]]
[active_model_serializers]   ↳ app/controllers/languages_controller.rb:8:in `index'
[active_model_serializers] Rendered ActiveModel::Serializer::CollectionSerializer with ActiveModelSerializers::Adapter::Attributes (12.05ms)
Completed 200 OK in 20ms (Views: 17.0ms | ActiveRecord: 1.1ms | Allocations: 10218)


Started GET "/cards" for ::1 at 2020-04-10 16:59:29 -0400
  [1m[35m (0.1ms)[0m  [1m[34mSELECT sqlite_version(*)[0m
Processing by CardsController#index as */*
  [1m[36mCard Load (0.2ms)[0m  [1m[34mSELECT "cards".* FROM "cards"[0m
  ↳ app/controllers/cards_controller.rb:8:in `index'
[active_model_serializers] Rendered ActiveModel::Serializer::CollectionSerializer with ActiveModelSerializers::Adapter::Attributes (0.79ms)
Completed 200 OK in 69ms (Views: 66.8ms | ActiveRecord: 0.2ms | Allocations: 6495)


Started GET "/cards" for ::1 at 2020-04-10 17:00:39 -0400
Processing by CardsController#index as HTML
  [1m[36mCard Load (0.1ms)[0m  [1m[34mSELECT "cards".* FROM "cards"[0m
  ↳ app/controllers/cards_controller.rb:8:in `index'
[active_model_serializers] Rendered ActiveModel::Serializer::CollectionSerializer with ActiveModelSerializers::Adapter::Attributes (1.1ms)
Completed 200 OK in 3ms (Views: 2.4ms | ActiveRecord: 0.1ms | Allocations: 1482)


Started GET "/cards" for ::1 at 2020-04-10 17:02:04 -0400
Processing by CardsController#index as */*
  [1m[36mCard Load (0.1ms)[0m  [1m[34mSELECT "cards".* FROM "cards"[0m
  ↳ app/controllers/cards_controller.rb:8:in `index'
[active_model_serializers] Rendered ActiveModel::Serializer::CollectionSerializer with ActiveModelSerializers::Adapter::Attributes (0.95ms)
Completed 200 OK in 4ms (Views: 3.4ms | ActiveRecord: 0.1ms | Allocations: 1466)


Started GET "/cards" for ::1 at 2020-04-10 17:04:05 -0400
Processing by CardsController#index as */*
  [1m[36mCard Load (0.3ms)[0m  [1m[34mSELECT "cards".* FROM "cards"[0m
  ↳ app/controllers/cards_controller.rb:8:in `index'
[active_model_serializers] Rendered ActiveModel::Serializer::CollectionSerializer with ActiveModelSerializers::Adapter::Attributes (1.44ms)
Completed 200 OK in 5ms (Views: 3.9ms | ActiveRecord: 0.3ms | Allocations: 1484)


Started GET "/cards" for ::1 at 2020-04-10 17:21:02 -0400
  [1m[35m (0.1ms)[0m  [1m[34mSELECT sqlite_version(*)[0m
Processing by CardsController#index as */*
  [1m[36mCard Load (0.8ms)[0m  [1m[34mSELECT "cards".* FROM "cards"[0m
  ↳ app/controllers/cards_controller.rb:8:in `index'
[active_model_serializers] Rendered ActiveModel::Serializer::CollectionSerializer with ActiveModelSerializers::Adapter::Attributes (0.75ms)
Completed 200 OK in 129ms (Views: 124.4ms | ActiveRecord: 0.8ms | Allocations: 6458)


Started GET "/cards" for ::1 at 2020-04-10 17:21:17 -0400
Processing by CardsController#index as */*
  [1m[36mCard Load (0.1ms)[0m  [1m[34mSELECT "cards".* FROM "cards"[0m
  ↳ app/controllers/cards_controller.rb:8:in `index'
[active_model_serializers] Rendered ActiveModel::Serializer::CollectionSerializer with ActiveModelSerializers::Adapter::Attributes (0.84ms)
Completed 200 OK in 3ms (Views: 2.7ms | ActiveRecord: 0.1ms | Allocations: 1466)


Started GET "/cards" for ::1 at 2020-04-10 17:22:43 -0400
Processing by CardsController#index as */*
  [1m[36mCard Load (0.1ms)[0m  [1m[34mSELECT "cards".* FROM "cards"[0m
  ↳ app/controllers/cards_controller.rb:8:in `index'
[active_model_serializers] Rendered ActiveModel::Serializer::CollectionSerializer with ActiveModelSerializers::Adapter::Attributes (0.97ms)
Completed 200 OK in 3ms (Views: 3.1ms | ActiveRecord: 0.1ms | Allocations: 1466)


Started GET "/cards" for ::1 at 2020-04-10 17:24:17 -0400
Processing by CardsController#index as */*
  [1m[36mCard Load (0.2ms)[0m  [1m[34mSELECT "cards".* FROM "cards"[0m
  ↳ app/controllers/cards_controller.rb:8:in `index'
[active_model_serializers] Rendered ActiveModel::Serializer::CollectionSerializer with ActiveModelSerializers::Adapter::Attributes (2.03ms)
Completed 200 OK in 5ms (Views: 4.4ms | ActiveRecord: 0.2ms | Allocations: 1466)


Started GET "/cards" for ::1 at 2020-04-10 17:24:25 -0400
Processing by CardsController#index as */*
  [1m[36mCard Load (0.2ms)[0m  [1m[34mSELECT "cards".* FROM "cards"[0m
  ↳ app/controllers/cards_controller.rb:8:in `index'
[active_model_serializers] Rendered ActiveModel::Serializer::CollectionSerializer with ActiveModelSerializers::Adapter::Attributes (1.26ms)
Completed 200 OK in 4ms (Views: 4.1ms | ActiveRecord: 0.2ms | Allocations: 1466)


Started GET "/cards" for ::1 at 2020-04-10 17:24:48 -0400
Processing by CardsController#index as */*
  [1m[36mCard Load (0.2ms)[0m  [1m[34mSELECT "cards".* FROM "cards"[0m
  ↳ app/controllers/cards_controller.rb:8:in `index'
[active_model_serializers] Rendered ActiveModel::Serializer::CollectionSerializer with ActiveModelSerializers::Adapter::Attributes (0.76ms)
Completed 200 OK in 3ms (Views: 2.9ms | ActiveRecord: 0.2ms | Allocations: 1466)


Started GET "/cards" for ::1 at 2020-04-10 17:24:56 -0400
Processing by CardsController#index as */*
  [1m[36mCard Load (0.2ms)[0m  [1m[34mSELECT "cards".* FROM "cards"[0m
  ↳ app/controllers/cards_controller.rb:8:in `index'
[active_model_serializers] Rendered ActiveModel::Serializer::CollectionSerializer with ActiveModelSerializers::Adapter::Attributes (1.07ms)
Completed 200 OK in 3ms (Views: 2.9ms | ActiveRecord: 0.2ms | Allocations: 1466)


Started GET "/cards" for ::1 at 2020-04-10 17:34:39 -0400
  [1m[35m (0.1ms)[0m  [1m[34mSELECT sqlite_version(*)[0m
Processing by CardsController#index as */*
  [1m[36mCard Load (0.4ms)[0m  [1m[34mSELECT "cards".* FROM "cards"[0m
  ↳ app/controllers/cards_controller.rb:8:in `index'
[active_model_serializers] Rendered ActiveModel::Serializer::CollectionSerializer with ActiveModelSerializers::Adapter::Attributes (0.58ms)
Completed 200 OK in 3ms (Views: 2.5ms | ActiveRecord: 0.4ms | Allocations: 1488)


Started GET "/cards" for ::1 at 2020-04-10 17:36:38 -0400
Processing by CardsController#index as */*
  [1m[36mCard Load (0.1ms)[0m  [1m[34mSELECT "cards".* FROM "cards"[0m
  ↳ app/controllers/cards_controller.rb:8:in `index'
[active_model_serializers] Rendered ActiveModel::Serializer::CollectionSerializer with ActiveModelSerializers::Adapter::Attributes (1.33ms)
Completed 200 OK in 20ms (Views: 19.7ms | ActiveRecord: 0.1ms | Allocations: 1469)


Started GET "/cards" for ::1 at 2020-04-10 17:36:39 -0400
Processing by CardsController#index as */*
  [1m[36mCard Load (0.1ms)[0m  [1m[34mSELECT "cards".* FROM "cards"[0m
  ↳ app/controllers/cards_controller.rb:8:in `index'
[active_model_serializers] Rendered ActiveModel::Serializer::CollectionSerializer with ActiveModelSerializers::Adapter::Attributes (0.72ms)
Completed 200 OK in 3ms (Views: 2.8ms | ActiveRecord: 0.1ms | Allocations: 1466)


Started GET "/cards" for ::1 at 2020-04-10 17:36:40 -0400
Processing by CardsController#index as */*
  [1m[36mCard Load (0.2ms)[0m  [1m[34mSELECT "cards".* FROM "cards"[0m
  ↳ app/controllers/cards_controller.rb:8:in `index'
[active_model_serializers] Rendered ActiveModel::Serializer::CollectionSerializer with ActiveModelSerializers::Adapter::Attributes (0.73ms)
Completed 200 OK in 4ms (Views: 4.0ms | ActiveRecord: 0.2ms | Allocations: 1466)


Started GET "/cards" for ::1 at 2020-04-10 17:37:26 -0400
Processing by CardsController#index as */*
  [1m[36mCard Load (0.1ms)[0m  [1m[34mSELECT "cards".* FROM "cards"[0m
  ↳ app/controllers/cards_controller.rb:8:in `index'
[active_model_serializers] Rendered ActiveModel::Serializer::CollectionSerializer with ActiveModelSerializers::Adapter::Attributes (1.32ms)
Completed 200 OK in 5ms (Views: 4.0ms | ActiveRecord: 0.1ms | Allocations: 1466)


Started GET "/cards" for ::1 at 2020-04-10 17:37:40 -0400
Processing by CardsController#index as */*
  [1m[36mCard Load (0.2ms)[0m  [1m[34mSELECT "cards".* FROM "cards"[0m
  ↳ app/controllers/cards_controller.rb:8:in `index'
[active_model_serializers] Rendered ActiveModel::Serializer::CollectionSerializer with ActiveModelSerializers::Adapter::Attributes (1.25ms)
Completed 200 OK in 5ms (Views: 4.1ms | ActiveRecord: 0.2ms | Allocations: 1466)


Started GET "/cards" for ::1 at 2020-04-10 17:39:38 -0400
Processing by CardsController#index as */*
  [1m[36mCard Load (0.1ms)[0m  [1m[34mSELECT "cards".* FROM "cards"[0m
  ↳ app/controllers/cards_controller.rb:8:in `index'
[active_model_serializers] Rendered ActiveModel::Serializer::CollectionSerializer with ActiveModelSerializers::Adapter::Attributes (0.71ms)
Completed 200 OK in 3ms (Views: 2.3ms | ActiveRecord: 0.1ms | Allocations: 1466)


Started GET "/cards" for ::1 at 2020-04-10 17:39:54 -0400
Processing by CardsController#index as */*
  [1m[36mCard Load (0.2ms)[0m  [1m[34mSELECT "cards".* FROM "cards"[0m
  ↳ app/controllers/cards_controller.rb:8:in `index'
[active_model_serializers] Rendered ActiveModel::Serializer::CollectionSerializer with ActiveModelSerializers::Adapter::Attributes (1.43ms)
Completed 200 OK in 4ms (Views: 3.8ms | ActiveRecord: 0.2ms | Allocations: 1466)


Started GET "/cards" for ::1 at 2020-04-10 17:42:38 -0400
Processing by CardsController#index as */*
  [1m[36mCard Load (0.1ms)[0m  [1m[34mSELECT "cards".* FROM "cards"[0m
  ↳ app/controllers/cards_controller.rb:8:in `index'
[active_model_serializers] Rendered ActiveModel::Serializer::CollectionSerializer with ActiveModelSerializers::Adapter::Attributes (1.03ms)
Completed 200 OK in 3ms (Views: 3.0ms | ActiveRecord: 0.1ms | Allocations: 1466)


Started GET "/cards" for ::1 at 2020-04-10 17:44:27 -0400
Processing by CardsController#index as */*
  [1m[36mCard Load (0.2ms)[0m  [1m[34mSELECT "cards".* FROM "cards"[0m
  ↳ app/controllers/cards_controller.rb:8:in `index'
[active_model_serializers] Rendered ActiveModel::Serializer::CollectionSerializer with ActiveModelSerializers::Adapter::Attributes (1.17ms)
Completed 200 OK in 4ms (Views: 3.4ms | ActiveRecord: 0.2ms | Allocations: 1466)


Started GET "/cards" for ::1 at 2020-04-10 17:44:43 -0400
Processing by CardsController#index as */*
  [1m[36mCard Load (0.2ms)[0m  [1m[34mSELECT "cards".* FROM "cards"[0m
  ↳ app/controllers/cards_controller.rb:8:in `index'
[active_model_serializers] Rendered ActiveModel::Serializer::CollectionSerializer with ActiveModelSerializers::Adapter::Attributes (1.11ms)
Completed 200 OK in 4ms (Views: 3.4ms | ActiveRecord: 0.2ms | Allocations: 1466)


Started GET "/cards" for ::1 at 2020-04-10 17:50:03 -0400
Processing by CardsController#index as HTML
  [1m[36mCard Load (0.9ms)[0m  [1m[34mSELECT "cards".* FROM "cards"[0m
  ↳ app/controllers/cards_controller.rb:8:in `index'
[active_model_serializers] Rendered ActiveModel::Serializer::CollectionSerializer with ActiveModelSerializers::Adapter::Attributes (0.85ms)
Completed 200 OK in 6ms (Views: 4.4ms | ActiveRecord: 0.9ms | Allocations: 1464)


Started GET "/cards" for ::1 at 2020-04-10 17:58:08 -0400
  [1m[35m (0.1ms)[0m  [1m[34mSELECT sqlite_version(*)[0m
Processing by CardsController#index as */*
  [1m[36mCard Load (0.3ms)[0m  [1m[34mSELECT "cards".* FROM "cards"[0m
  ↳ app/controllers/cards_controller.rb:8:in `index'
[active_model_serializers] Rendered ActiveModel::Serializer::CollectionSerializer with ActiveModelSerializers::Adapter::Attributes (1.19ms)
Completed 200 OK in 4ms (Views: 3.2ms | ActiveRecord: 0.3ms | Allocations: 1488)


Started GET "/cards" for ::1 at 2020-04-10 18:08:00 -0400
  [1m[35m (0.2ms)[0m  [1m[34mSELECT sqlite_version(*)[0m
Processing by CardsController#index as */*
  [1m[36mCard Load (0.4ms)[0m  [1m[34mSELECT "cards".* FROM "cards"[0m
  ↳ app/controllers/cards_controller.rb:8:in `index'
[active_model_serializers] Rendered ActiveModel::Serializer::CollectionSerializer with ActiveModelSerializers::Adapter::Attributes (0.96ms)
Completed 200 OK in 6ms (Views: 4.9ms | ActiveRecord: 0.4ms | Allocations: 1488)


Started GET "/cards" for ::1 at 2020-04-10 18:11:06 -0400
Processing by CardsController#index as */*
  [1m[36mCard Load (0.3ms)[0m  [1m[34mSELECT "cards".* FROM "cards"[0m
  ↳ app/controllers/cards_controller.rb:8:in `index'
[active_model_serializers] Rendered ActiveModel::Serializer::CollectionSerializer with ActiveModelSerializers::Adapter::Attributes (1.05ms)
Completed 200 OK in 5ms (Views: 4.4ms | ActiveRecord: 0.3ms | Allocations: 1466)


Started GET "/cards" for ::1 at 2020-04-10 18:26:13 -0400
  [1m[35m (0.1ms)[0m  [1m[34mSELECT sqlite_version(*)[0m
Processing by CardsController#index as */*
  [1m[36mCard Load (0.4ms)[0m  [1m[34mSELECT "cards".* FROM "cards"[0m
  ↳ app/controllers/cards_controller.rb:8:in `index'
[active_model_serializers] Rendered ActiveModel::Serializer::CollectionSerializer with ActiveModelSerializers::Adapter::Attributes (0.65ms)
Completed 200 OK in 4ms (Views: 2.6ms | ActiveRecord: 0.4ms | Allocations: 1488)


Started GET "/cards" for ::1 at 2020-04-10 18:26:35 -0400
Processing by CardsController#index as */*
  [1m[36mCard Load (0.2ms)[0m  [1m[34mSELECT "cards".* FROM "cards"[0m
  ↳ app/controllers/cards_controller.rb:8:in `index'
[active_model_serializers] Rendered ActiveModel::Serializer::CollectionSerializer with ActiveModelSerializers::Adapter::Attributes (0.56ms)
Completed 200 OK in 3ms (Views: 2.2ms | ActiveRecord: 0.2ms | Allocations: 1466)


Started GET "/cards" for ::1 at 2020-04-10 18:27:13 -0400
Processing by CardsController#index as */*
  [1m[36mCard Load (0.2ms)[0m  [1m[34mSELECT "cards".* FROM "cards"[0m
  ↳ app/controllers/cards_controller.rb:8:in `index'
[active_model_serializers] Rendered ActiveModel::Serializer::CollectionSerializer with ActiveModelSerializers::Adapter::Attributes (1.29ms)
Completed 200 OK in 5ms (Views: 4.3ms | ActiveRecord: 0.2ms | Allocations: 1466)


Started GET "/cards" for ::1 at 2020-04-10 18:28:12 -0400
Processing by CardsController#index as */*
  [1m[36mCard Load (0.3ms)[0m  [1m[34mSELECT "cards".* FROM "cards"[0m
  ↳ app/controllers/cards_controller.rb:8:in `index'
[active_model_serializers] Rendered ActiveModel::Serializer::CollectionSerializer with ActiveModelSerializers::Adapter::Attributes (1.41ms)
Completed 200 OK in 5ms (Views: 4.5ms | ActiveRecord: 0.3ms | Allocations: 1466)


Started GET "/cards" for ::1 at 2020-04-10 18:28:56 -0400
Processing by CardsController#index as */*
  [1m[36mCard Load (0.1ms)[0m  [1m[34mSELECT "cards".* FROM "cards"[0m
  ↳ app/controllers/cards_controller.rb:8:in `index'
[active_model_serializers] Rendered ActiveModel::Serializer::CollectionSerializer with ActiveModelSerializers::Adapter::Attributes (0.88ms)
Completed 200 OK in 3ms (Views: 2.3ms | ActiveRecord: 0.1ms | Allocations: 1466)


Started GET "/cards" for ::1 at 2020-04-10 18:31:22 -0400
Processing by CardsController#index as */*
  [1m[36mCard Load (0.2ms)[0m  [1m[34mSELECT "cards".* FROM "cards"[0m
  ↳ app/controllers/cards_controller.rb:8:in `index'
[active_model_serializers] Rendered ActiveModel::Serializer::CollectionSerializer with ActiveModelSerializers::Adapter::Attributes (0.56ms)
Completed 200 OK in 3ms (Views: 3.0ms | ActiveRecord: 0.2ms | Allocations: 1466)


Started GET "/cards" for ::1 at 2020-04-10 18:32:53 -0400
Processing by CardsController#index as */*
  [1m[36mCard Load (0.1ms)[0m  [1m[34mSELECT "cards".* FROM "cards"[0m
  ↳ app/controllers/cards_controller.rb:8:in `index'
[active_model_serializers] Rendered ActiveModel::Serializer::CollectionSerializer with ActiveModelSerializers::Adapter::Attributes (1.03ms)
Completed 200 OK in 3ms (Views: 3.0ms | ActiveRecord: 0.1ms | Allocations: 1466)


Started GET "/cards" for ::1 at 2020-04-10 18:32:54 -0400
Processing by CardsController#index as */*
  [1m[36mCard Load (0.2ms)[0m  [1m[34mSELECT "cards".* FROM "cards"[0m
  ↳ app/controllers/cards_controller.rb:8:in `index'
[active_model_serializers] Rendered ActiveModel::Serializer::CollectionSerializer with ActiveModelSerializers::Adapter::Attributes (0.91ms)
Completed 200 OK in 4ms (Views: 2.9ms | ActiveRecord: 0.2ms | Allocations: 1466)


